<?xml version="1.0" encoding="UTF-8"?>
<testsuite name="io.github.AlaraGuzel.NewspaperBackendApplication.configuration.NewsConfigurationTest" tests="1" skipped="0" failures="0" errors="0" timestamp="2024-07-19T12:43:07" hostname="MSI" time="0.623">
  <properties/>
  <testcase name="CouchbaseConfigurationTest()" classname="io.github.AlaraGuzel.NewspaperBackendApplication.configuration.NewsConfigurationTest" time="0.623"/>
  <system-out><![CDATA[15:43:04.841 [Test worker] INFO org.springframework.test.context.support.AnnotationConfigContextLoaderUtils -- Could not detect default configuration classes for test class [io.github.AlaraGuzel.NewspaperBackendApplication.configuration.NewsConfigurationTest]: NewsConfigurationTest does not declare any static, non-private, non-final, nested classes annotated with @Configuration.
15:43:04.951 [Test worker] INFO org.springframework.boot.test.context.SpringBootTestContextBootstrapper -- Found @SpringBootConfiguration io.github.AlaraGuzel.NewspaperBackendApplication.NewspaperBackendApplication for test class io.github.AlaraGuzel.NewspaperBackendApplication.configuration.NewsConfigurationTest

  .   ____          _            __ _ _
 /\\ / ___'_ __ _ _(_)_ __  __ _ \ \ \ \
( ( )\___ | '_ | '_| | '_ \/ _` | \ \ \ \
 \\/  ___)| |_)| | | | | || (_| |  ) ) ) )
  '  |____| .__|_| |_|_| |_\__, | / / / /
 =========|_|==============|___/=/_/_/_/

 :: Spring Boot ::                (v3.3.1)

2024-07-19T15:43:05.273+03:00  INFO 16948 --- [NewspaperBackendApplication] [    Test worker] i.g.A.N.c.NewsConfigurationTest          : Starting NewsConfigurationTest using Java 17.0.11 with PID 16948 (started by alara in C:\Users\alara\OneDrive\Desktop\NewspaperBackendApplication)
2024-07-19T15:43:05.274+03:00  INFO 16948 --- [NewspaperBackendApplication] [    Test worker] i.g.A.N.c.NewsConfigurationTest          : No active profile set, falling back to 1 default profile: "default"
2024-07-19T15:43:05.824+03:00  INFO 16948 --- [NewspaperBackendApplication] [    Test worker] .s.d.r.c.RepositoryConfigurationDelegate : Bootstrapping Spring Data Couchbase repositories in DEFAULT mode.
2024-07-19T15:43:05.968+03:00  INFO 16948 --- [NewspaperBackendApplication] [    Test worker] .s.d.r.c.RepositoryConfigurationDelegate : Finished Spring Data repository scanning in 138 ms. Found 0 Couchbase repository interfaces.
2024-07-19T15:43:05.979+03:00  INFO 16948 --- [NewspaperBackendApplication] [    Test worker] .s.d.r.c.RepositoryConfigurationDelegate : Bootstrapping Spring Data Couchbase repositories in DEFAULT mode.
2024-07-19T15:43:06.001+03:00  INFO 16948 --- [NewspaperBackendApplication] [    Test worker] .s.d.r.c.RepositoryConfigurationDelegate : Finished Spring Data repository scanning in 22 ms. Found 1 Couchbase repository interface.
2024-07-19T15:43:06.213+03:00  WARN 16948 --- [NewspaperBackendApplication] [    Test worker] trationDelegate$BeanPostProcessorChecker : Bean 'newsConfiguration' of type [io.github.AlaraGuzel.NewspaperBackendApplication.Configuration.NewsConfiguration$$SpringCGLIB$$0] is not eligible for getting processed by all BeanPostProcessors (for example: not eligible for auto-proxying). Is this bean getting eagerly injected into a currently created BeanPostProcessor [transactionInterceptorCustomizer]? Check the corresponding BeanPostProcessor declaration and its dependencies.
2024-07-19T15:43:06.452+03:00  WARN 16948 --- [NewspaperBackendApplication] [    Test worker] trationDelegate$BeanPostProcessorChecker : Bean 'couchbaseClusterEnvironment' of type [com.couchbase.client.java.env.ClusterEnvironment] is not eligible for getting processed by all BeanPostProcessors (for example: not eligible for auto-proxying). Is this bean getting eagerly injected into a currently created BeanPostProcessor [transactionInterceptorCustomizer]? Check the corresponding BeanPostProcessor declaration and its dependencies.
2024-07-19T15:43:06.713+03:00  WARN 16948 --- [NewspaperBackendApplication] [    Test worker] trationDelegate$BeanPostProcessorChecker : Bean 'couchbaseCluster' of type [com.couchbase.client.java.Cluster] is not eligible for getting processed by all BeanPostProcessors (for example: not eligible for auto-proxying). Is this bean getting eagerly injected into a currently created BeanPostProcessor [transactionInterceptorCustomizer]? Check the corresponding BeanPostProcessor declaration and its dependencies.
2024-07-19T15:43:06.739+03:00  WARN 16948 --- [NewspaperBackendApplication] [    Test worker] trationDelegate$BeanPostProcessorChecker : Bean 'couchbaseClientFactory' of type [org.springframework.data.couchbase.SimpleCouchbaseClientFactory] is not eligible for getting processed by all BeanPostProcessors (for example: not eligible for auto-proxying). Is this bean getting eagerly injected into a currently created BeanPostProcessor [transactionInterceptorCustomizer]? Check the corresponding BeanPostProcessor declaration and its dependencies.
2024-07-19T15:43:06.742+03:00  WARN 16948 --- [NewspaperBackendApplication] [    Test worker] trationDelegate$BeanPostProcessorChecker : Bean 'couchbaseTransactionManager' of type [org.springframework.data.couchbase.transaction.CouchbaseCallbackTransactionManager] is not eligible for getting processed by all BeanPostProcessors (for example: not eligible for auto-proxying). Is this bean getting eagerly injected into a currently created BeanPostProcessor [transactionInterceptorCustomizer]? Check the corresponding BeanPostProcessor declaration and its dependencies.
2024-07-19T15:43:06.758+03:00  INFO 16948 --- [NewspaperBackendApplication] [      cb-events] com.couchbase.core                       : [com.couchbase.core][CoreCreatedEvent] {"clientVersion":"3.6.2","clientGitHash":"${buildNumber}","coreVersion":"2.6.2","coreGitHash":"${buildNumber}","userAgent":"couchbase-java/3.6.2 (Windows 11 10.0 amd64; OpenJDK 64-Bit Server VM 17.0.11+9-LTS)","maxNumRequestsInRetry":32768,"ioEnvironment":{"nativeIoEnabled":true,"eventLoopThreadCount":8,"eventLoopGroups":["NioEventLoopGroup"]},"ioConfig":{"captureTraffic":[],"mutationTokensEnabled":true,"networkResolution":"auto","dnsSrvEnabled":true,"tcpKeepAlivesEnabled":true,"tcpKeepAliveTimeMs":60000,"configPollIntervalMs":2500,"kvCircuitBreakerConfig":"disabled","queryCircuitBreakerConfig":"disabled","viewCircuitBreakerConfig":"disabled","searchCircuitBreakerConfig":"disabled","analyticsCircuitBreakerConfig":"disabled","managerCircuitBreakerConfig":"disabled","eventingCircuitBreakerConfig":"disabled","backupCircuitBreakerConfig":"disabled","numKvConnections":1,"maxHttpConnections":12,"idleHttpConnectionTimeoutMs":1000,"configIdleRedialTimeoutMs":300000,"memcachedHashingStrategy":"StandardMemcachedHashingStrategy","timerConfig":{"numTimers":1,"tickDurationMs":10,"numBuckets":512}},"compressionConfig":{"enabled":true,"minRatio":0.83,"minSize":32},"securityConfig":{"tlsEnabled":false,"nativeTlsEnabled":true,"hostnameVerificationEnabled":true,"trustCertificates":null,"trustManagerFactory":null,"ciphers":[]},"timeoutConfig":{"kvMs":2500,"kvDurableMs":10000,"kvScanMs":75000,"managementMs":75000,"queryMs":75000,"viewMs":75000,"searchMs":75000,"analyticsMs":75000,"connectMs":10000,"disconnectMs":10000,"eventingMs":75000,"backupMs":75000},"loggerConfig":{"diagnosticContextEnabled":false},"orphanReporterConfig":{"emitIntervalMs":10000,"sampleSize":10,"queueLength":1024,"enabled":true},"thresholdLoggingTracerConfig":{"enabled":true,"emitIntervalMs":10000,"sampleSize":10,"queueLength":1024,"kvThresholdMs":500,"queryThresholdMs":1000,"searchThresholdMs":1000,"analyticsThresholdMs":1000,"viewThresholdMs":1000,"transactionsThresholdMs":5000},"loggingMeterConfig":{"enabled":true,"emitIntervalMs":600000},"retryStrategy":"BestEffortRetryStrategy","requestTracer":"ThresholdLoggingTracer","meter":"LoggingMeter","numRequestCallbacks":0,"scheduler":"ParallelScheduler","schedulerThreadCount":16,"transactionsConfig":{"durabilityLevel":"MAJORITY","timeoutMs":15000,"cleanupConfig":{"runLostAttemptsCleanupThread":true,"runRegularAttemptsCleanupThread":true,"cleanupWindowMs":60000,"cleanupSet":""},"numAtrs":1024,"metadataCollection":"none","scanConsistency":"none"}} {"connectionString":"couchbase://127.0.0.1","coreId":"0xdd027df400000001","numCoreInstances":1,"seedNodes":[{"address":"127.0.0.1"}]}
2024-07-19T15:43:06.760+03:00  INFO 16948 --- [NewspaperBackendApplication] [      cb-events] com.couchbase.transactions               : [com.couchbase.transactions][TransactionsStartedEvent] Transactions successfully initialised, regular cleanup enabled=true, lost cleanup enabled=true
2024-07-19T15:43:06.764+03:00  INFO 16948 --- [NewspaperBackendApplication] [      cb-events] com.couchbase.node                       : [com.couchbase.node][NodeCreatedEvent] Node created {"coreId":"0xdd027df400000001","managerPort":"8091","remote":"127.0.0.1"}
2024-07-19T15:43:07.086+03:00  INFO 16948 --- [NewspaperBackendApplication] [      cb-events] com.couchbase.core                       : [com.couchbase.core][BucketOpenedEvent][320ms] Opened bucket "News" {"coreId":"0xdd027df400000001"}
2024-07-19T15:43:07.784+03:00  INFO 16948 --- [NewspaperBackendApplication] [    Test worker] i.g.A.N.c.NewsConfigurationTest          : Started NewsConfigurationTest in 2.691 seconds (process running for 3.63)
]]></system-out>
  <system-err><![CDATA[]]></system-err>
</testsuite>
